<?xml version="1.0" encoding="UTF-8"?>
<!-- Generated by org.testng.reporters.JUnitReportReporter -->
<testsuite hostname="Karuna" failures="0" tests="6" name="Tests.NewTest" time="3.710" errors="0" timestamp="2024-09-09T14:58:41 EDT" skipped="0">
  <testcase classname="Tests.NewTest" name="retrieveWeather" time="2.706"/>
  <testcase classname="Tests.NewTest" name="retrieveWeather" time="0.215"/>
  <testcase classname="Tests.NewTest" name="retrieveWeather" time="0.190"/>
  <testcase classname="Tests.NewTest" name="retrieveWeather" time="0.178"/>
  <testcase classname="Tests.NewTest" name="retrieveWeather" time="0.238"/>
  <testcase classname="Tests.NewTest" name="retrieveWeather" time="0.183"/>
</testsuite> <!-- Tests.NewTest -->
