<?xml version="1.0" encoding="UTF-8"?>
<!-- Generated by org.testng.reporters.JUnitReportReporter -->
<testsuite hostname="Karuna" failures="0" tests="1" name="Tests.SampleTest" time="2.122" errors="0" timestamp="2024-09-05T15:28:49 EDT" skipped="0">
  <testcase classname="Tests.SampleTest" name="getUsers" time="2.122"/>
</testsuite> <!-- Tests.SampleTest -->
