<?xml version="1.0" encoding="UTF-8"?>
<!-- Generated by org.testng.reporters.JUnitReportReporter -->
<testsuite hostname="Karuna" failures="0" tests="3" name="Tests.BookStoreAPI.UserTest" time="6.360" errors="0" timestamp="2024-09-13T11:42:17 EDT" skipped="0">
  <testcase classname="Tests.BookStoreAPI.UserTest" name="addUserTest" time="4.935"/>
  <testcase classname="Tests.BookStoreAPI.UserTest" name="generateTokenTest" time="0.880"/>
  <testcase classname="Tests.BookStoreAPI.UserTest" name="getUserTest" time="0.545"/>
</testsuite> <!-- Tests.BookStoreAPI.UserTest -->
