<?xml version="1.0" encoding="UTF-8"?>
<!-- Generated by org.testng.reporters.JUnitReportReporter -->
<testsuite hostname="Karuna" failures="0" tests="1" name="Tests.BookStoreAPI.AddUserTest" time="2.556" errors="0" timestamp="2024-09-12T14:00:52 EDT" skipped="0">
  <testcase classname="Tests.BookStoreAPI.AddUserTest" name="addUserTest" time="2.556"/>
</testsuite> <!-- Tests.BookStoreAPI.AddUserTest -->
